[16-Sep-2022 18:54:52 Europe/Berlin] Inicio De La Aplicación Web
[16-Sep-2022 18:54:52 Europe/Berlin] index::construct -> inicio del index
[16-Sep-2022 18:55:14 Europe/Berlin] Inicio De La Aplicación Web
[16-Sep-2022 18:55:21 Europe/Berlin] Inicio De La Aplicación Web
[16-Sep-2022 18:55:33 Europe/Berlin] Inicio De La Aplicación Web
[16-Sep-2022 18:55:34 Europe/Berlin] index::construct -> inicio del index
[16-Sep-2022 18:55:41 Europe/Berlin] Inicio De La Aplicación Web
[16-Sep-2022 18:55:41 Europe/Berlin] index::construct -> inicio del index
[16-Sep-2022 18:55:46 Europe/Berlin] Inicio De La Aplicación Web
[16-Sep-2022 18:55:46 Europe/Berlin] index::construct -> inicio del index
[16-Sep-2022 18:56:07 Europe/Berlin] Inicio De La Aplicación Web
[16-Sep-2022 18:56:07 Europe/Berlin] Index::construct -> inicio del index
[16-Sep-2022 19:00:21 Europe/Berlin] Inicio De La Aplicación Web
[16-Sep-2022 19:00:21 Europe/Berlin] Index::construct -> inicio del index
[16-Sep-2022 19:05:24 Europe/Berlin] Inicio De La Aplicación Web
[16-Sep-2022 19:05:25 Europe/Berlin] Index::construct -> inicio del index
[16-Sep-2022 19:05:29 Europe/Berlin] Inicio De La Aplicación Web
[16-Sep-2022 19:05:29 Europe/Berlin] Index::construct -> inicio del index
[16-Sep-2022 19:05:31 Europe/Berlin] Inicio De La Aplicación Web
[16-Sep-2022 19:05:31 Europe/Berlin] Index::construct -> inicio del index
[16-Sep-2022 19:06:37 Europe/Berlin] Inicio De La Aplicación Web
[16-Sep-2022 19:06:37 Europe/Berlin] Index::construct -> inicio del index
[16-Sep-2022 19:08:03 Europe/Berlin] Inicio De La Aplicación Web
[16-Sep-2022 19:08:03 Europe/Berlin] Index::construct -> inicio del index
[16-Sep-2022 19:08:58 Europe/Berlin] Inicio De La Aplicación Web
[16-Sep-2022 19:08:58 Europe/Berlin] Index::construct -> inicio del index
[16-Sep-2022 19:14:50 Europe/Berlin] Inicio De La Aplicación Web
[16-Sep-2022 19:14:51 Europe/Berlin] Index::construct -> inicio del index
[16-Sep-2022 19:15:14 Europe/Berlin] Inicio De La Aplicación Web
[16-Sep-2022 19:15:14 Europe/Berlin] Index::construct -> inicio del index
[16-Sep-2022 19:15:17 Europe/Berlin] Inicio De La Aplicación Web
[16-Sep-2022 19:15:17 Europe/Berlin] Index::construct -> inicio del index
[16-Sep-2022 19:24:17 Europe/Berlin] Inicio De La Aplicación Web
[16-Sep-2022 19:24:17 Europe/Berlin] Index::construct -> inicio del index
[16-Sep-2022 19:24:20 Europe/Berlin] Inicio De La Aplicación Web
[16-Sep-2022 19:24:20 Europe/Berlin] Index::construct -> inicio del index
[16-Sep-2022 19:24:25 Europe/Berlin] Inicio De La Aplicación Web
[16-Sep-2022 19:24:25 Europe/Berlin] Index::construct -> inicio del index
[16-Sep-2022 19:24:25 Europe/Berlin] PHP Notice:  Undefined variable: accion in C:\xampp\htdocs\PETI\views\strategic_context\update_context.php on line 113
[16-Sep-2022 19:24:25 Europe/Berlin] PHP Notice:  Undefined variable: accion in C:\xampp\htdocs\PETI\views\strategic_context\update_context.php on line 114
[16-Sep-2022 19:24:32 Europe/Berlin] Inicio De La Aplicación Web
[16-Sep-2022 19:24:32 Europe/Berlin] Index::construct -> inicio del index
[16-Sep-2022 19:24:38 Europe/Berlin] Inicio De La Aplicación Web
[16-Sep-2022 19:24:38 Europe/Berlin] Index::construct -> inicio del index
[16-Sep-2022 19:24:46 Europe/Berlin] Inicio De La Aplicación Web
[16-Sep-2022 19:24:46 Europe/Berlin] Index::construct -> inicio del index
[16-Sep-2022 19:24:53 Europe/Berlin] Inicio De La Aplicación Web
[16-Sep-2022 19:24:53 Europe/Berlin] Index::construct -> inicio del index
[16-Sep-2022 19:24:55 Europe/Berlin] Inicio De La Aplicación Web
[16-Sep-2022 19:24:55 Europe/Berlin] Index::construct -> inicio del index
[16-Sep-2022 19:24:58 Europe/Berlin] Inicio De La Aplicación Web
[16-Sep-2022 19:24:58 Europe/Berlin] Index::construct -> inicio del index
[16-Sep-2022 19:24:58 Europe/Berlin] PHP Notice:  Undefined variable: accion in C:\xampp\htdocs\PETI\views\strategic_context\update_context.php on line 113
[16-Sep-2022 19:24:58 Europe/Berlin] PHP Notice:  Undefined variable: accion in C:\xampp\htdocs\PETI\views\strategic_context\update_context.php on line 114
[16-Sep-2022 19:25:57 Europe/Berlin] Inicio De La Aplicación Web
[16-Sep-2022 19:25:57 Europe/Berlin] Index::construct -> inicio del index
[16-Sep-2022 19:31:22 Europe/Berlin] Inicio De La Aplicación Web
[16-Sep-2022 19:31:22 Europe/Berlin] Index::construct -> inicio del index
[16-Sep-2022 19:31:26 Europe/Berlin] Inicio De La Aplicación Web
[16-Sep-2022 19:31:26 Europe/Berlin] Index::construct -> inicio del index
[16-Sep-2022 19:31:26 Europe/Berlin] PHP Notice:  Undefined variable: accion in C:\xampp\htdocs\PETI\views\strategic_context\update_context.php on line 113
[16-Sep-2022 19:31:26 Europe/Berlin] PHP Notice:  Undefined variable: accion in C:\xampp\htdocs\PETI\views\strategic_context\update_context.php on line 114
[16-Sep-2022 19:31:57 Europe/Berlin] Inicio De La Aplicación Web
[16-Sep-2022 19:31:57 Europe/Berlin] Index::construct -> inicio del index
[16-Sep-2022 19:34:12 Europe/Berlin] Inicio De La Aplicación Web
[16-Sep-2022 19:34:12 Europe/Berlin] Index::construct -> inicio del index
[16-Sep-2022 19:34:17 Europe/Berlin] Inicio De La Aplicación Web
[16-Sep-2022 19:34:17 Europe/Berlin] Index::construct -> inicio del index
[16-Sep-2022 19:37:06 Europe/Berlin] Inicio De La Aplicación Web
[16-Sep-2022 19:37:06 Europe/Berlin] Index::construct -> inicio del index
[16-Sep-2022 19:37:44 Europe/Berlin] Inicio De La Aplicación Web
[16-Sep-2022 19:37:44 Europe/Berlin] Index::construct -> inicio del index
[16-Sep-2022 19:37:50 Europe/Berlin] Inicio De La Aplicación Web
[16-Sep-2022 19:37:53 Europe/Berlin] Inicio De La Aplicación Web
[16-Sep-2022 19:39:14 Europe/Berlin] Inicio De La Aplicación Web
[16-Sep-2022 19:43:00 Europe/Berlin] Inicio De La Aplicación Web
[16-Sep-2022 19:43:00 Europe/Berlin] PHP Notice:  Undefined index: idusers in C:\xampp\htdocs\PETI\controllers\register.php on line 22
[16-Sep-2022 19:43:00 Europe/Berlin] PHP Notice:  Undefined index: name in C:\xampp\htdocs\PETI\controllers\register.php on line 23
[16-Sep-2022 19:43:00 Europe/Berlin] PHP Notice:  Undefined index: surname in C:\xampp\htdocs\PETI\controllers\register.php on line 24
[16-Sep-2022 19:43:00 Europe/Berlin] PHP Notice:  Undefined index: phone in C:\xampp\htdocs\PETI\controllers\register.php on line 25
[16-Sep-2022 19:43:00 Europe/Berlin] PHP Notice:  Undefined index: email in C:\xampp\htdocs\PETI\controllers\register.php on line 26
[16-Sep-2022 19:43:00 Europe/Berlin] PHP Notice:  Undefined index: password in C:\xampp\htdocs\PETI\controllers\register.php on line 27
[16-Sep-2022 19:43:00 Europe/Berlin] PHP Notice:  Undefined index: passwordv in C:\xampp\htdocs\PETI\controllers\register.php on line 28
[19-Sep-2022 15:19:55 Europe/Berlin] Inicio De La Aplicación Web
[19-Sep-2022 15:55:49 Europe/Berlin] Inicio De La Aplicación Web
[19-Sep-2022 15:56:42 Europe/Berlin] Inicio De La Aplicación Web
[19-Sep-2022 15:56:42 Europe/Berlin] PHP Notice:  Undefined index: user in C:\xampp\htdocs\PETI\controllers\login.php on line 33
[19-Sep-2022 15:56:42 Europe/Berlin] PHP Notice:  Undefined index: password in C:\xampp\htdocs\PETI\controllers\login.php on line 34
[19-Sep-2022 15:56:42 Europe/Berlin] PHP Notice:  Trying to get property 'user' of non-object in C:\xampp\htdocs\PETI\controllers\login.php on line 39
[19-Sep-2022 15:58:14 Europe/Berlin] Inicio De La Aplicación Web
[19-Sep-2022 15:58:14 Europe/Berlin] PHP Notice:  Undefined index: user in C:\xampp\htdocs\PETI\controllers\login.php on line 33
[19-Sep-2022 15:58:14 Europe/Berlin] PHP Notice:  Undefined index: password in C:\xampp\htdocs\PETI\controllers\login.php on line 34
[19-Sep-2022 15:58:14 Europe/Berlin] PHP Notice:  Trying to get property 'user' of non-object in C:\xampp\htdocs\PETI\controllers\login.php on line 39
[19-Sep-2022 15:58:17 Europe/Berlin] Inicio De La Aplicación Web
[19-Sep-2022 15:58:17 Europe/Berlin] PHP Notice:  Undefined index: user in C:\xampp\htdocs\PETI\controllers\login.php on line 33
[19-Sep-2022 15:58:17 Europe/Berlin] PHP Notice:  Undefined index: password in C:\xampp\htdocs\PETI\controllers\login.php on line 34
[19-Sep-2022 15:58:17 Europe/Berlin] PHP Notice:  Trying to get property 'user' of non-object in C:\xampp\htdocs\PETI\controllers\login.php on line 39
[19-Sep-2022 15:58:22 Europe/Berlin] Inicio De La Aplicación Web
[19-Sep-2022 15:58:25 Europe/Berlin] Inicio De La Aplicación Web
[19-Sep-2022 15:58:35 Europe/Berlin] Inicio De La Aplicación Web
[19-Sep-2022 15:58:35 Europe/Berlin] PHP Notice:  Undefined index: user in C:\xampp\htdocs\PETI\controllers\login.php on line 33
[19-Sep-2022 15:58:35 Europe/Berlin] PHP Notice:  Undefined index: password in C:\xampp\htdocs\PETI\controllers\login.php on line 34
[19-Sep-2022 15:58:35 Europe/Berlin] PHP Notice:  Trying to get property 'user' of non-object in C:\xampp\htdocs\PETI\controllers\login.php on line 39
[19-Sep-2022 16:00:40 Europe/Berlin] Inicio De La Aplicación Web
[19-Sep-2022 16:00:51 Europe/Berlin] Inicio De La Aplicación Web
[19-Sep-2022 16:01:01 Europe/Berlin] Inicio De La Aplicación Web
[19-Sep-2022 16:01:01 Europe/Berlin] PHP Notice:  Undefined index: user in C:\xampp\htdocs\PETI\controllers\login.php on line 33
[19-Sep-2022 16:01:01 Europe/Berlin] PHP Notice:  Undefined index: password in C:\xampp\htdocs\PETI\controllers\login.php on line 34
[19-Sep-2022 16:01:01 Europe/Berlin] PHP Notice:  Trying to get property 'user' of non-object in C:\xampp\htdocs\PETI\controllers\login.php on line 39
[19-Sep-2022 16:03:51 Europe/Berlin] Inicio De La Aplicación Web
[19-Sep-2022 16:03:53 Europe/Berlin] Inicio De La Aplicación Web
[19-Sep-2022 16:04:03 Europe/Berlin] Inicio De La Aplicación Web
[19-Sep-2022 16:04:17 Europe/Berlin] Inicio De La Aplicación Web
[19-Sep-2022 16:04:17 Europe/Berlin] PHP Notice:  Undefined index: user in C:\xampp\htdocs\PETI\controllers\login.php on line 33
[19-Sep-2022 16:04:17 Europe/Berlin] PHP Notice:  Undefined index: password in C:\xampp\htdocs\PETI\controllers\login.php on line 34
[19-Sep-2022 16:04:17 Europe/Berlin] PHP Notice:  Trying to get property 'user' of non-object in C:\xampp\htdocs\PETI\controllers\login.php on line 39
[19-Sep-2022 16:04:34 Europe/Berlin] Inicio De La Aplicación Web
[19-Sep-2022 16:06:50 Europe/Berlin] Inicio De La Aplicación Web
[19-Sep-2022 16:06:59 Europe/Berlin] Inicio De La Aplicación Web
[19-Sep-2022 16:06:59 Europe/Berlin] PHP Notice:  Undefined index: user in C:\xampp\htdocs\PETI\controllers\login.php on line 33
[19-Sep-2022 16:06:59 Europe/Berlin] PHP Notice:  Undefined index: password in C:\xampp\htdocs\PETI\controllers\login.php on line 34
[19-Sep-2022 16:06:59 Europe/Berlin] PHP Notice:  Trying to get property 'user' of non-object in C:\xampp\htdocs\PETI\controllers\login.php on line 39
[19-Sep-2022 16:09:21 Europe/Berlin] Inicio De La Aplicación Web
[19-Sep-2022 16:09:35 Europe/Berlin] Inicio De La Aplicación Web
[19-Sep-2022 16:09:36 Europe/Berlin] PHP Notice:  Trying to get property 'user' of non-object in C:\xampp\htdocs\PETI\controllers\login.php on line 39
[19-Sep-2022 16:14:20 Europe/Berlin] Inicio De La Aplicación Web
[19-Sep-2022 16:14:20 Europe/Berlin] PHP Warning:  require_once(models/users.php): failed to open stream: No such file or directory in C:\xampp\htdocs\PETI\models\loginmodel.php on line 4
[19-Sep-2022 16:14:20 Europe/Berlin] PHP Fatal error:  require_once(): Failed opening required 'models/users.php' (include_path='C:\xampp\php\PEAR') in C:\xampp\htdocs\PETI\models\loginmodel.php on line 4
[19-Sep-2022 16:14:27 Europe/Berlin] Inicio De La Aplicación Web
[19-Sep-2022 16:14:27 Europe/Berlin] PHP Warning:  require_once(models/users.php): failed to open stream: No such file or directory in C:\xampp\htdocs\PETI\models\loginmodel.php on line 4
[19-Sep-2022 16:14:27 Europe/Berlin] PHP Fatal error:  require_once(): Failed opening required 'models/users.php' (include_path='C:\xampp\php\PEAR') in C:\xampp\htdocs\PETI\models\loginmodel.php on line 4
[19-Sep-2022 16:14:28 Europe/Berlin] Inicio De La Aplicación Web
[19-Sep-2022 16:14:28 Europe/Berlin] PHP Warning:  require_once(models/users.php): failed to open stream: No such file or directory in C:\xampp\htdocs\PETI\models\loginmodel.php on line 4
[19-Sep-2022 16:14:28 Europe/Berlin] PHP Fatal error:  require_once(): Failed opening required 'models/users.php' (include_path='C:\xampp\php\PEAR') in C:\xampp\htdocs\PETI\models\loginmodel.php on line 4
[19-Sep-2022 16:14:28 Europe/Berlin] Inicio De La Aplicación Web
[19-Sep-2022 16:14:28 Europe/Berlin] PHP Warning:  require_once(models/users.php): failed to open stream: No such file or directory in C:\xampp\htdocs\PETI\models\loginmodel.php on line 4
[19-Sep-2022 16:14:28 Europe/Berlin] PHP Fatal error:  require_once(): Failed opening required 'models/users.php' (include_path='C:\xampp\php\PEAR') in C:\xampp\htdocs\PETI\models\loginmodel.php on line 4
[19-Sep-2022 16:14:29 Europe/Berlin] Inicio De La Aplicación Web
[19-Sep-2022 16:14:29 Europe/Berlin] PHP Warning:  require_once(models/users.php): failed to open stream: No such file or directory in C:\xampp\htdocs\PETI\models\loginmodel.php on line 4
[19-Sep-2022 16:14:29 Europe/Berlin] PHP Fatal error:  require_once(): Failed opening required 'models/users.php' (include_path='C:\xampp\php\PEAR') in C:\xampp\htdocs\PETI\models\loginmodel.php on line 4
[19-Sep-2022 16:14:33 Europe/Berlin] Inicio De La Aplicación Web
[19-Sep-2022 16:14:33 Europe/Berlin] PHP Warning:  require_once(models/users.php): failed to open stream: No such file or directory in C:\xampp\htdocs\PETI\models\loginmodel.php on line 4
[19-Sep-2022 16:14:33 Europe/Berlin] PHP Fatal error:  require_once(): Failed opening required 'models/users.php' (include_path='C:\xampp\php\PEAR') in C:\xampp\htdocs\PETI\models\loginmodel.php on line 4
[19-Sep-2022 16:16:36 Europe/Berlin] Inicio De La Aplicación Web
[19-Sep-2022 16:16:36 Europe/Berlin] PHP Warning:  require_once(models/users.php): failed to open stream: No such file or directory in C:\xampp\htdocs\PETI\models\loginmodel.php on line 4
[19-Sep-2022 16:16:36 Europe/Berlin] PHP Fatal error:  require_once(): Failed opening required 'models/users.php' (include_path='C:\xampp\php\PEAR') in C:\xampp\htdocs\PETI\models\loginmodel.php on line 4
[19-Sep-2022 16:16:40 Europe/Berlin] Inicio De La Aplicación Web
[19-Sep-2022 16:16:40 Europe/Berlin] PHP Warning:  require_once(models/users.php): failed to open stream: No such file or directory in C:\xampp\htdocs\PETI\models\loginmodel.php on line 4
[19-Sep-2022 16:16:40 Europe/Berlin] PHP Fatal error:  require_once(): Failed opening required 'models/users.php' (include_path='C:\xampp\php\PEAR') in C:\xampp\htdocs\PETI\models\loginmodel.php on line 4
[19-Sep-2022 16:16:42 Europe/Berlin] Inicio De La Aplicación Web
[19-Sep-2022 16:16:42 Europe/Berlin] PHP Warning:  require_once(models/users.php): failed to open stream: No such file or directory in C:\xampp\htdocs\PETI\models\loginmodel.php on line 4
[19-Sep-2022 16:16:42 Europe/Berlin] PHP Fatal error:  require_once(): Failed opening required 'models/users.php' (include_path='C:\xampp\php\PEAR') in C:\xampp\htdocs\PETI\models\loginmodel.php on line 4
[19-Sep-2022 16:16:43 Europe/Berlin] Inicio De La Aplicación Web
[19-Sep-2022 16:16:43 Europe/Berlin] PHP Warning:  require_once(models/users.php): failed to open stream: No such file or directory in C:\xampp\htdocs\PETI\models\loginmodel.php on line 4
[19-Sep-2022 16:16:43 Europe/Berlin] PHP Fatal error:  require_once(): Failed opening required 'models/users.php' (include_path='C:\xampp\php\PEAR') in C:\xampp\htdocs\PETI\models\loginmodel.php on line 4
[19-Sep-2022 16:16:43 Europe/Berlin] Inicio De La Aplicación Web
[19-Sep-2022 16:16:43 Europe/Berlin] PHP Warning:  require_once(models/users.php): failed to open stream: No such file or directory in C:\xampp\htdocs\PETI\models\loginmodel.php on line 4
[19-Sep-2022 16:16:43 Europe/Berlin] PHP Fatal error:  require_once(): Failed opening required 'models/users.php' (include_path='C:\xampp\php\PEAR') in C:\xampp\htdocs\PETI\models\loginmodel.php on line 4
[19-Sep-2022 16:16:44 Europe/Berlin] Inicio De La Aplicación Web
[19-Sep-2022 16:16:44 Europe/Berlin] PHP Warning:  require_once(models/users.php): failed to open stream: No such file or directory in C:\xampp\htdocs\PETI\models\loginmodel.php on line 4
[19-Sep-2022 16:16:44 Europe/Berlin] PHP Fatal error:  require_once(): Failed opening required 'models/users.php' (include_path='C:\xampp\php\PEAR') in C:\xampp\htdocs\PETI\models\loginmodel.php on line 4
[19-Sep-2022 16:16:44 Europe/Berlin] Inicio De La Aplicación Web
[19-Sep-2022 16:16:44 Europe/Berlin] PHP Warning:  require_once(models/users.php): failed to open stream: No such file or directory in C:\xampp\htdocs\PETI\models\loginmodel.php on line 4
[19-Sep-2022 16:16:44 Europe/Berlin] PHP Fatal error:  require_once(): Failed opening required 'models/users.php' (include_path='C:\xampp\php\PEAR') in C:\xampp\htdocs\PETI\models\loginmodel.php on line 4
[19-Sep-2022 16:16:44 Europe/Berlin] Inicio De La Aplicación Web
[19-Sep-2022 16:16:44 Europe/Berlin] PHP Warning:  require_once(models/users.php): failed to open stream: No such file or directory in C:\xampp\htdocs\PETI\models\loginmodel.php on line 4
[19-Sep-2022 16:16:44 Europe/Berlin] PHP Fatal error:  require_once(): Failed opening required 'models/users.php' (include_path='C:\xampp\php\PEAR') in C:\xampp\htdocs\PETI\models\loginmodel.php on line 4
[19-Sep-2022 16:16:45 Europe/Berlin] Inicio De La Aplicación Web
[19-Sep-2022 16:16:45 Europe/Berlin] PHP Warning:  require_once(models/users.php): failed to open stream: No such file or directory in C:\xampp\htdocs\PETI\models\loginmodel.php on line 4
[19-Sep-2022 16:16:45 Europe/Berlin] PHP Fatal error:  require_once(): Failed opening required 'models/users.php' (include_path='C:\xampp\php\PEAR') in C:\xampp\htdocs\PETI\models\loginmodel.php on line 4
[19-Sep-2022 16:16:45 Europe/Berlin] Inicio De La Aplicación Web
[19-Sep-2022 16:16:45 Europe/Berlin] PHP Warning:  require_once(models/users.php): failed to open stream: No such file or directory in C:\xampp\htdocs\PETI\models\loginmodel.php on line 4
[19-Sep-2022 16:16:45 Europe/Berlin] PHP Fatal error:  require_once(): Failed opening required 'models/users.php' (include_path='C:\xampp\php\PEAR') in C:\xampp\htdocs\PETI\models\loginmodel.php on line 4
[19-Sep-2022 16:16:45 Europe/Berlin] Inicio De La Aplicación Web
[19-Sep-2022 16:16:45 Europe/Berlin] PHP Warning:  require_once(models/users.php): failed to open stream: No such file or directory in C:\xampp\htdocs\PETI\models\loginmodel.php on line 4
[19-Sep-2022 16:16:45 Europe/Berlin] PHP Fatal error:  require_once(): Failed opening required 'models/users.php' (include_path='C:\xampp\php\PEAR') in C:\xampp\htdocs\PETI\models\loginmodel.php on line 4
[19-Sep-2022 16:16:46 Europe/Berlin] Inicio De La Aplicación Web
[19-Sep-2022 16:16:46 Europe/Berlin] PHP Warning:  require_once(models/users.php): failed to open stream: No such file or directory in C:\xampp\htdocs\PETI\models\loginmodel.php on line 4
[19-Sep-2022 16:16:46 Europe/Berlin] PHP Fatal error:  require_once(): Failed opening required 'models/users.php' (include_path='C:\xampp\php\PEAR') in C:\xampp\htdocs\PETI\models\loginmodel.php on line 4
[19-Sep-2022 16:16:46 Europe/Berlin] Inicio De La Aplicación Web
[19-Sep-2022 16:16:46 Europe/Berlin] PHP Warning:  require_once(models/users.php): failed to open stream: No such file or directory in C:\xampp\htdocs\PETI\models\loginmodel.php on line 4
[19-Sep-2022 16:16:46 Europe/Berlin] PHP Fatal error:  require_once(): Failed opening required 'models/users.php' (include_path='C:\xampp\php\PEAR') in C:\xampp\htdocs\PETI\models\loginmodel.php on line 4
[19-Sep-2022 16:16:46 Europe/Berlin] Inicio De La Aplicación Web
[19-Sep-2022 16:16:47 Europe/Berlin] PHP Warning:  require_once(models/users.php): failed to open stream: No such file or directory in C:\xampp\htdocs\PETI\models\loginmodel.php on line 4
[19-Sep-2022 16:16:47 Europe/Berlin] PHP Fatal error:  require_once(): Failed opening required 'models/users.php' (include_path='C:\xampp\php\PEAR') in C:\xampp\htdocs\PETI\models\loginmodel.php on line 4
[19-Sep-2022 16:18:47 Europe/Berlin] Inicio De La Aplicación Web
[19-Sep-2022 16:18:47 Europe/Berlin] PHP Warning:  require_once(models/users.php): failed to open stream: No such file or directory in C:\xampp\htdocs\PETI\models\loginmodel.php on line 4
[19-Sep-2022 16:18:47 Europe/Berlin] PHP Fatal error:  require_once(): Failed opening required 'models/users.php' (include_path='C:\xampp\php\PEAR') in C:\xampp\htdocs\PETI\models\loginmodel.php on line 4
[19-Sep-2022 16:18:49 Europe/Berlin] Inicio De La Aplicación Web
[19-Sep-2022 16:18:49 Europe/Berlin] PHP Warning:  require_once(models/users.php): failed to open stream: No such file or directory in C:\xampp\htdocs\PETI\models\loginmodel.php on line 4
[19-Sep-2022 16:18:49 Europe/Berlin] PHP Fatal error:  require_once(): Failed opening required 'models/users.php' (include_path='C:\xampp\php\PEAR') in C:\xampp\htdocs\PETI\models\loginmodel.php on line 4
[19-Sep-2022 16:18:49 Europe/Berlin] Inicio De La Aplicación Web
[19-Sep-2022 16:18:49 Europe/Berlin] PHP Warning:  require_once(models/users.php): failed to open stream: No such file or directory in C:\xampp\htdocs\PETI\models\loginmodel.php on line 4
[19-Sep-2022 16:18:50 Europe/Berlin] Inicio De La Aplicación Web
[19-Sep-2022 16:18:50 Europe/Berlin] PHP Fatal error:  require_once(): Failed opening required 'models/users.php' (include_path='C:\xampp\php\PEAR') in C:\xampp\htdocs\PETI\models\loginmodel.php on line 4
[19-Sep-2022 16:18:50 Europe/Berlin] PHP Warning:  require_once(models/users.php): failed to open stream: No such file or directory in C:\xampp\htdocs\PETI\models\loginmodel.php on line 4
[19-Sep-2022 16:18:50 Europe/Berlin] PHP Fatal error:  require_once(): Failed opening required 'models/users.php' (include_path='C:\xampp\php\PEAR') in C:\xampp\htdocs\PETI\models\loginmodel.php on line 4
[19-Sep-2022 16:18:50 Europe/Berlin] Inicio De La Aplicación Web
[19-Sep-2022 16:18:50 Europe/Berlin] PHP Warning:  require_once(models/users.php): failed to open stream: No such file or directory in C:\xampp\htdocs\PETI\models\loginmodel.php on line 4
[19-Sep-2022 16:18:50 Europe/Berlin] PHP Fatal error:  require_once(): Failed opening required 'models/users.php' (include_path='C:\xampp\php\PEAR') in C:\xampp\htdocs\PETI\models\loginmodel.php on line 4
[19-Sep-2022 16:18:53 Europe/Berlin] Inicio De La Aplicación Web
[19-Sep-2022 16:18:53 Europe/Berlin] PHP Warning:  require_once(models/users.php): failed to open stream: No such file or directory in C:\xampp\htdocs\PETI\models\loginmodel.php on line 4
[19-Sep-2022 16:18:53 Europe/Berlin] PHP Fatal error:  require_once(): Failed opening required 'models/users.php' (include_path='C:\xampp\php\PEAR') in C:\xampp\htdocs\PETI\models\loginmodel.php on line 4
[19-Sep-2022 16:19:04 Europe/Berlin] Inicio De La Aplicación Web
[19-Sep-2022 16:19:04 Europe/Berlin] PHP Warning:  require_once(models/users.php): failed to open stream: No such file or directory in C:\xampp\htdocs\PETI\models\loginmodel.php on line 4
[19-Sep-2022 16:19:04 Europe/Berlin] PHP Fatal error:  require_once(): Failed opening required 'models/users.php' (include_path='C:\xampp\php\PEAR') in C:\xampp\htdocs\PETI\models\loginmodel.php on line 4
[19-Sep-2022 16:19:19 Europe/Berlin] Inicio De La Aplicación Web
[19-Sep-2022 16:19:19 Europe/Berlin] PHP Warning:  require_once(models/users.php): failed to open stream: No such file or directory in C:\xampp\htdocs\PETI\models\loginmodel.php on line 4
[19-Sep-2022 16:19:19 Europe/Berlin] PHP Fatal error:  require_once(): Failed opening required 'models/users.php' (include_path='C:\xampp\php\PEAR') in C:\xampp\htdocs\PETI\models\loginmodel.php on line 4
[19-Sep-2022 16:19:57 Europe/Berlin] Inicio De La Aplicación Web
[19-Sep-2022 16:19:57 Europe/Berlin] PHP Warning:  require_once(models/users.php): failed to open stream: No such file or directory in C:\xampp\htdocs\PETI\models\loginmodel.php on line 4
[19-Sep-2022 16:19:57 Europe/Berlin] PHP Fatal error:  require_once(): Failed opening required 'models/users.php' (include_path='C:\xampp\php\PEAR') in C:\xampp\htdocs\PETI\models\loginmodel.php on line 4
[19-Sep-2022 16:20:14 Europe/Berlin] Inicio De La Aplicación Web
[19-Sep-2022 16:20:14 Europe/Berlin] PHP Warning:  require_once(models/users.php): failed to open stream: No such file or directory in C:\xampp\htdocs\PETI\models\loginmodel.php on line 4
[19-Sep-2022 16:20:14 Europe/Berlin] PHP Fatal error:  require_once(): Failed opening required 'models/users.php' (include_path='C:\xampp\php\PEAR') in C:\xampp\htdocs\PETI\models\loginmodel.php on line 4
[19-Sep-2022 16:22:21 Europe/Berlin] Inicio De La Aplicación Web
[19-Sep-2022 16:25:32 Europe/Berlin] Inicio De La Aplicación Web
[19-Sep-2022 16:25:38 Europe/Berlin] Inicio De La Aplicación Web
[19-Sep-2022 16:25:38 Europe/Berlin] PHP Notice:  Trying to get property 'user' of non-object in C:\xampp\htdocs\PETI\controllers\login.php on line 39
[19-Sep-2022 16:26:21 Europe/Berlin] Inicio De La Aplicación Web
[19-Sep-2022 16:26:21 Europe/Berlin] PHP Notice:  Undefined index: user in C:\xampp\htdocs\PETI\controllers\login.php on line 33
[19-Sep-2022 16:26:21 Europe/Berlin] PHP Notice:  Undefined index: password in C:\xampp\htdocs\PETI\controllers\login.php on line 34
[19-Sep-2022 16:26:21 Europe/Berlin] PHP Notice:  Trying to get property 'users' of non-object in C:\xampp\htdocs\PETI\controllers\login.php on line 39
[19-Sep-2022 16:26:28 Europe/Berlin] Inicio De La Aplicación Web
[19-Sep-2022 16:26:35 Europe/Berlin] Inicio De La Aplicación Web
[19-Sep-2022 16:26:35 Europe/Berlin] PHP Notice:  Trying to get property 'users' of non-object in C:\xampp\htdocs\PETI\controllers\login.php on line 39
[19-Sep-2022 16:27:17 Europe/Berlin] Inicio De La Aplicación Web
[19-Sep-2022 16:27:22 Europe/Berlin] Inicio De La Aplicación Web
[19-Sep-2022 16:27:22 Europe/Berlin] PHP Notice:  Trying to get property 'index' of non-object in C:\xampp\htdocs\PETI\controllers\login.php on line 39
[19-Sep-2022 16:54:06 Europe/Berlin] Inicio De La Aplicación Web
[19-Sep-2022 16:55:09 Europe/Berlin] Inicio De La Aplicación Web
[19-Sep-2022 16:55:20 Europe/Berlin] Inicio De La Aplicación Web
[19-Sep-2022 16:55:29 Europe/Berlin] Inicio De La Aplicación Web
[19-Sep-2022 16:55:29 Europe/Berlin] PHP Notice:  Trying to get property 'users' of non-object in C:\xampp\htdocs\PETI\controllers\login.php on line 39
[19-Sep-2022 16:56:09 Europe/Berlin] Inicio De La Aplicación Web
[19-Sep-2022 16:56:09 Europe/Berlin] PHP Notice:  Trying to get property 'user' of non-object in C:\xampp\htdocs\PETI\controllers\login.php on line 39
[19-Sep-2022 16:56:18 Europe/Berlin] Inicio De La Aplicación Web
[19-Sep-2022 16:56:18 Europe/Berlin] PHP Notice:  Trying to get property 'user' of non-object in C:\xampp\htdocs\PETI\controllers\login.php on line 39
[19-Sep-2022 17:15:28 Europe/Berlin] Inicio De La Aplicación Web
[19-Sep-2022 17:15:28 Europe/Berlin] PHP Notice:  Trying to get property 'user' of non-object in C:\xampp\htdocs\PETI\controllers\login.php on line 39
[19-Sep-2022 17:15:32 Europe/Berlin] Inicio De La Aplicación Web
[19-Sep-2022 17:15:39 Europe/Berlin] Inicio De La Aplicación Web
[19-Sep-2022 17:15:39 Europe/Berlin] PHP Notice:  Trying to get property 'user' of non-object in C:\xampp\htdocs\PETI\controllers\login.php on line 39
[19-Sep-2022 18:30:33 Europe/Berlin] Inicio De La Aplicación Web
[19-Sep-2022 18:30:37 Europe/Berlin] Inicio De La Aplicación Web
[19-Sep-2022 18:30:46 Europe/Berlin] Inicio De La Aplicación Web
[19-Sep-2022 18:31:22 Europe/Berlin] Inicio De La Aplicación Web
[19-Sep-2022 18:31:32 Europe/Berlin] Inicio De La Aplicación Web
[19-Sep-2022 18:31:32 Europe/Berlin] PHP Notice:  Undefined index: user in C:\xampp\htdocs\PETI\controllers\login.php on line 52
[19-Sep-2022 11:31:32 America/Bogota] PHP Notice:  Undefined property: View::$list in C:\xampp\htdocs\PETI\views\peti\index.php on line 126
[19-Sep-2022 11:31:32 America/Bogota] PHP Notice:  Trying to access array offset on value of type null in C:\xampp\htdocs\PETI\views\peti\index.php on line 126
[19-Sep-2022 11:31:32 America/Bogota] PHP Notice:  Trying to access array offset on value of type null in C:\xampp\htdocs\PETI\views\peti\index.php on line 133
[19-Sep-2022 11:31:32 America/Bogota] PHP Notice:  Undefined property: View::$list in C:\xampp\htdocs\PETI\views\peti\index.php on line 126
[19-Sep-2022 11:31:33 America/Bogota] PHP Notice:  Trying to access array offset on value of type null in C:\xampp\htdocs\PETI\views\peti\index.php on line 126
[19-Sep-2022 11:31:33 America/Bogota] PHP Notice:  Trying to access array offset on value of type null in C:\xampp\htdocs\PETI\views\peti\index.php on line 133
[19-Sep-2022 11:31:33 America/Bogota] PHP Notice:  Undefined property: View::$list in C:\xampp\htdocs\PETI\views\peti\index.php on line 126
[19-Sep-2022 11:31:33 America/Bogota] PHP Notice:  Trying to access array offset on value of type null in C:\xampp\htdocs\PETI\views\peti\index.php on line 126
[19-Sep-2022 11:31:33 America/Bogota] PHP Notice:  Trying to access array offset on value of type null in C:\xampp\htdocs\PETI\views\peti\index.php on line 133
[19-Sep-2022 11:31:33 America/Bogota] PHP Notice:  Undefined property: View::$list in C:\xampp\htdocs\PETI\views\peti\index.php on line 126
[19-Sep-2022 11:31:33 America/Bogota] PHP Notice:  Trying to access array offset on value of type null in C:\xampp\htdocs\PETI\views\peti\index.php on line 126
[19-Sep-2022 11:31:33 America/Bogota] PHP Notice:  Trying to access array offset on value of type null in C:\xampp\htdocs\PETI\views\peti\index.php on line 133
[19-Sep-2022 11:31:33 America/Bogota] PHP Notice:  Undefined property: View::$list in C:\xampp\htdocs\PETI\views\peti\index.php on line 126
[19-Sep-2022 11:31:33 America/Bogota] PHP Notice:  Trying to access array offset on value of type null in C:\xampp\htdocs\PETI\views\peti\index.php on line 126
[19-Sep-2022 11:31:33 America/Bogota] PHP Notice:  Trying to access array offset on value of type null in C:\xampp\htdocs\PETI\views\peti\index.php on line 133
[19-Sep-2022 11:31:33 America/Bogota] PHP Notice:  Undefined property: View::$list in C:\xampp\htdocs\PETI\views\peti\index.php on line 126
[19-Sep-2022 11:31:33 America/Bogota] PHP Notice:  Trying to access array offset on value of type null in C:\xampp\htdocs\PETI\views\peti\index.php on line 126
[19-Sep-2022 11:31:33 America/Bogota] PHP Notice:  Trying to access array offset on value of type null in C:\xampp\htdocs\PETI\views\peti\index.php on line 133
[19-Sep-2022 18:33:46 Europe/Berlin] Inicio De La Aplicación Web
[19-Sep-2022 18:33:46 Europe/Berlin] Index::construct -> inicio del index
[19-Sep-2022 18:33:54 Europe/Berlin] Inicio De La Aplicación Web
[19-Sep-2022 18:34:02 Europe/Berlin] Inicio De La Aplicación Web
[19-Sep-2022 18:34:37 Europe/Berlin] Inicio De La Aplicación Web
[19-Sep-2022 18:34:44 Europe/Berlin] Inicio De La Aplicación Web
[19-Sep-2022 18:34:44 Europe/Berlin] PHP Notice:  Undefined property: Users::$user_iduser in C:\xampp\htdocs\PETI\controllers\login.php on line 39
[19-Sep-2022 18:35:08 Europe/Berlin] Inicio De La Aplicación Web
[19-Sep-2022 18:35:08 Europe/Berlin] PHP Notice:  Undefined index: user in C:\xampp\htdocs\PETI\controllers\login.php on line 33
[19-Sep-2022 18:35:08 Europe/Berlin] PHP Notice:  Undefined index: password in C:\xampp\htdocs\PETI\controllers\login.php on line 34
[19-Sep-2022 18:35:08 Europe/Berlin] PHP Notice:  Undefined property: Users::$user_iduser in C:\xampp\htdocs\PETI\controllers\login.php on line 39
[19-Sep-2022 18:35:50 Europe/Berlin] Inicio De La Aplicación Web
[19-Sep-2022 18:35:54 Europe/Berlin] Inicio De La Aplicación Web
[19-Sep-2022 18:36:05 Europe/Berlin] Inicio De La Aplicación Web
[19-Sep-2022 18:36:05 Europe/Berlin] PHP Warning:  require(views/home/index.php): failed to open stream: No such file or directory in C:\xampp\htdocs\PETI\libs\view.php on line 11
[19-Sep-2022 18:36:05 Europe/Berlin] PHP Fatal error:  require(): Failed opening required 'views/home/index.php' (include_path='C:\xampp\php\PEAR') in C:\xampp\htdocs\PETI\libs\view.php on line 11
[19-Sep-2022 18:37:49 Europe/Berlin] Inicio De La Aplicación Web
[19-Sep-2022 18:37:52 Europe/Berlin] Inicio De La Aplicación Web
[19-Sep-2022 18:37:56 Europe/Berlin] Inicio De La Aplicación Web
[19-Sep-2022 18:38:09 Europe/Berlin] Inicio De La Aplicación Web
[19-Sep-2022 18:38:29 Europe/Berlin] Inicio De La Aplicación Web
[19-Sep-2022 18:38:29 Europe/Berlin] Index::construct -> inicio del index
[19-Sep-2022 18:38:37 Europe/Berlin] Inicio De La Aplicación Web
[19-Sep-2022 18:38:39 Europe/Berlin] Inicio De La Aplicación Web
[19-Sep-2022 18:38:40 Europe/Berlin] Inicio De La Aplicación Web
[19-Sep-2022 18:38:41 Europe/Berlin] Inicio De La Aplicación Web
[19-Sep-2022 18:38:41 Europe/Berlin] Inicio De La Aplicación Web
[19-Sep-2022 18:38:41 Europe/Berlin] Inicio De La Aplicación Web
[19-Sep-2022 18:38:47 Europe/Berlin] Inicio De La Aplicación Web
[19-Sep-2022 18:38:47 Europe/Berlin] PHP Notice:  Undefined index: user in C:\xampp\htdocs\PETI\controllers\login.php on line 53
[19-Sep-2022 11:38:47 America/Bogota] PHP Notice:  Undefined property: View::$list in C:\xampp\htdocs\PETI\views\peti\index.php on line 126
[19-Sep-2022 11:38:47 America/Bogota] PHP Notice:  Trying to access array offset on value of type null in C:\xampp\htdocs\PETI\views\peti\index.php on line 126
[19-Sep-2022 11:38:47 America/Bogota] PHP Notice:  Trying to access array offset on value of type null in C:\xampp\htdocs\PETI\views\peti\index.php on line 133
[19-Sep-2022 11:38:47 America/Bogota] PHP Notice:  Undefined property: View::$list in C:\xampp\htdocs\PETI\views\peti\index.php on line 126
[19-Sep-2022 11:38:47 America/Bogota] PHP Notice:  Trying to access array offset on value of type null in C:\xampp\htdocs\PETI\views\peti\index.php on line 126
[19-Sep-2022 11:38:47 America/Bogota] PHP Notice:  Trying to access array offset on value of type null in C:\xampp\htdocs\PETI\views\peti\index.php on line 133
[19-Sep-2022 11:38:47 America/Bogota] PHP Notice:  Undefined property: View::$list in C:\xampp\htdocs\PETI\views\peti\index.php on line 126
[19-Sep-2022 11:38:47 America/Bogota] PHP Notice:  Trying to access array offset on value of type null in C:\xampp\htdocs\PETI\views\peti\index.php on line 126
[19-Sep-2022 11:38:47 America/Bogota] PHP Notice:  Trying to access array offset on value of type null in C:\xampp\htdocs\PETI\views\peti\index.php on line 133
[19-Sep-2022 11:38:47 America/Bogota] PHP Notice:  Undefined property: View::$list in C:\xampp\htdocs\PETI\views\peti\index.php on line 126
[19-Sep-2022 11:38:47 America/Bogota] PHP Notice:  Trying to access array offset on value of type null in C:\xampp\htdocs\PETI\views\peti\index.php on line 126
[19-Sep-2022 11:38:47 America/Bogota] PHP Notice:  Trying to access array offset on value of type null in C:\xampp\htdocs\PETI\views\peti\index.php on line 133
[19-Sep-2022 11:38:47 America/Bogota] PHP Notice:  Undefined property: View::$list in C:\xampp\htdocs\PETI\views\peti\index.php on line 126
[19-Sep-2022 11:38:47 America/Bogota] PHP Notice:  Trying to access array offset on value of type null in C:\xampp\htdocs\PETI\views\peti\index.php on line 126
[19-Sep-2022 11:38:47 America/Bogota] PHP Notice:  Trying to access array offset on value of type null in C:\xampp\htdocs\PETI\views\peti\index.php on line 133
[19-Sep-2022 11:38:47 America/Bogota] PHP Notice:  Undefined property: View::$list in C:\xampp\htdocs\PETI\views\peti\index.php on line 126
[19-Sep-2022 11:38:47 America/Bogota] PHP Notice:  Trying to access array offset on value of type null in C:\xampp\htdocs\PETI\views\peti\index.php on line 126
[19-Sep-2022 11:38:47 America/Bogota] PHP Notice:  Trying to access array offset on value of type null in C:\xampp\htdocs\PETI\views\peti\index.php on line 133
[19-Sep-2022 18:39:46 Europe/Berlin] Inicio De La Aplicación Web
[19-Sep-2022 18:39:48 Europe/Berlin] Inicio De La Aplicación Web
[19-Sep-2022 18:40:41 Europe/Berlin] Inicio De La Aplicación Web
[19-Sep-2022 18:43:30 Europe/Berlin] Inicio De La Aplicación Web
[19-Sep-2022 18:43:35 Europe/Berlin] Inicio De La Aplicación Web
[19-Sep-2022 18:44:53 Europe/Berlin] Inicio De La Aplicación Web
[19-Sep-2022 18:47:49 Europe/Berlin] Inicio De La Aplicación Web
[19-Sep-2022 18:47:49 Europe/Berlin] Index::construct -> inicio del index
[19-Sep-2022 18:47:53 Europe/Berlin] Inicio De La Aplicación Web
[19-Sep-2022 18:47:55 Europe/Berlin] Inicio De La Aplicación Web
[19-Sep-2022 18:48:17 Europe/Berlin] Inicio De La Aplicación Web
[19-Sep-2022 18:48:35 Europe/Berlin] Inicio De La Aplicación Web
[19-Sep-2022 18:48:35 Europe/Berlin] PHP Notice:  Undefined index: idusers in C:\xampp\htdocs\PETI\controllers\register.php on line 22
[19-Sep-2022 18:48:35 Europe/Berlin] PHP Notice:  Undefined index: name in C:\xampp\htdocs\PETI\controllers\register.php on line 23
[19-Sep-2022 18:48:35 Europe/Berlin] PHP Notice:  Undefined index: surname in C:\xampp\htdocs\PETI\controllers\register.php on line 24
[19-Sep-2022 18:48:35 Europe/Berlin] PHP Notice:  Undefined index: phone in C:\xampp\htdocs\PETI\controllers\register.php on line 25
[19-Sep-2022 18:48:35 Europe/Berlin] PHP Notice:  Undefined index: email in C:\xampp\htdocs\PETI\controllers\register.php on line 26
[19-Sep-2022 18:48:35 Europe/Berlin] PHP Notice:  Undefined index: password in C:\xampp\htdocs\PETI\controllers\register.php on line 27
[19-Sep-2022 18:48:35 Europe/Berlin] PHP Notice:  Undefined index: passwordv in C:\xampp\htdocs\PETI\controllers\register.php on line 28
[19-Sep-2022 18:49:18 Europe/Berlin] Inicio De La Aplicación Web
[19-Sep-2022 18:49:18 Europe/Berlin] PHP Notice:  Undefined index: idusers in C:\xampp\htdocs\PETI\controllers\register.php on line 22
[19-Sep-2022 18:49:18 Europe/Berlin] PHP Notice:  Undefined index: name in C:\xampp\htdocs\PETI\controllers\register.php on line 23
[19-Sep-2022 18:49:18 Europe/Berlin] PHP Notice:  Undefined index: surname in C:\xampp\htdocs\PETI\controllers\register.php on line 24
[19-Sep-2022 18:49:18 Europe/Berlin] PHP Notice:  Undefined index: phone in C:\xampp\htdocs\PETI\controllers\register.php on line 25
[19-Sep-2022 18:49:18 Europe/Berlin] PHP Notice:  Undefined index: email in C:\xampp\htdocs\PETI\controllers\register.php on line 26
[19-Sep-2022 18:49:18 Europe/Berlin] PHP Notice:  Undefined index: password in C:\xampp\htdocs\PETI\controllers\register.php on line 27
[19-Sep-2022 18:49:18 Europe/Berlin] PHP Notice:  Undefined index: passwordv in C:\xampp\htdocs\PETI\controllers\register.php on line 28
[19-Sep-2022 18:49:23 Europe/Berlin] Inicio De La Aplicación Web
[19-Sep-2022 18:49:55 Europe/Berlin] Inicio De La Aplicación Web
[19-Sep-2022 18:50:00 Europe/Berlin] Inicio De La Aplicación Web
[19-Sep-2022 18:50:00 Europe/Berlin] PHP Notice:  Undefined index: idusers in C:\xampp\htdocs\PETI\controllers\register.php on line 22
[19-Sep-2022 18:50:00 Europe/Berlin] PHP Notice:  Undefined index: name in C:\xampp\htdocs\PETI\controllers\register.php on line 23
[19-Sep-2022 18:50:00 Europe/Berlin] PHP Notice:  Undefined index: surname in C:\xampp\htdocs\PETI\controllers\register.php on line 24
[19-Sep-2022 18:50:00 Europe/Berlin] PHP Notice:  Undefined index: phone in C:\xampp\htdocs\PETI\controllers\register.php on line 25
[19-Sep-2022 18:50:00 Europe/Berlin] PHP Notice:  Undefined index: email in C:\xampp\htdocs\PETI\controllers\register.php on line 26
[19-Sep-2022 18:50:00 Europe/Berlin] PHP Notice:  Undefined index: password in C:\xampp\htdocs\PETI\controllers\register.php on line 27
[19-Sep-2022 18:50:00 Europe/Berlin] PHP Notice:  Undefined index: passwordv in C:\xampp\htdocs\PETI\controllers\register.php on line 28
[19-Sep-2022 18:52:19 Europe/Berlin] Inicio De La Aplicación Web
[19-Sep-2022 18:52:26 Europe/Berlin] Inicio De La Aplicación Web
[19-Sep-2022 18:52:41 Europe/Berlin] Inicio De La Aplicación Web
[19-Sep-2022 18:52:42 Europe/Berlin] PHP Notice:  Undefined index: user in C:\xampp\htdocs\PETI\controllers\login.php on line 53
[19-Sep-2022 11:52:42 America/Bogota] PHP Notice:  Undefined property: View::$list in C:\xampp\htdocs\PETI\views\peti\index.php on line 126
[19-Sep-2022 11:52:42 America/Bogota] PHP Notice:  Trying to access array offset on value of type null in C:\xampp\htdocs\PETI\views\peti\index.php on line 126
[19-Sep-2022 11:52:42 America/Bogota] PHP Notice:  Trying to access array offset on value of type null in C:\xampp\htdocs\PETI\views\peti\index.php on line 133
[19-Sep-2022 11:52:42 America/Bogota] PHP Notice:  Undefined property: View::$list in C:\xampp\htdocs\PETI\views\peti\index.php on line 126
[19-Sep-2022 11:52:42 America/Bogota] PHP Notice:  Trying to access array offset on value of type null in C:\xampp\htdocs\PETI\views\peti\index.php on line 126
[19-Sep-2022 11:52:42 America/Bogota] PHP Notice:  Trying to access array offset on value of type null in C:\xampp\htdocs\PETI\views\peti\index.php on line 133
[19-Sep-2022 11:52:42 America/Bogota] PHP Notice:  Undefined property: View::$list in C:\xampp\htdocs\PETI\views\peti\index.php on line 126
[19-Sep-2022 11:52:42 America/Bogota] PHP Notice:  Trying to access array offset on value of type null in C:\xampp\htdocs\PETI\views\peti\index.php on line 126
[19-Sep-2022 11:52:42 America/Bogota] PHP Notice:  Trying to access array offset on value of type null in C:\xampp\htdocs\PETI\views\peti\index.php on line 133
[19-Sep-2022 11:52:42 America/Bogota] PHP Notice:  Undefined property: View::$list in C:\xampp\htdocs\PETI\views\peti\index.php on line 126
[19-Sep-2022 11:52:42 America/Bogota] PHP Notice:  Trying to access array offset on value of type null in C:\xampp\htdocs\PETI\views\peti\index.php on line 126
[19-Sep-2022 11:52:42 America/Bogota] PHP Notice:  Trying to access array offset on value of type null in C:\xampp\htdocs\PETI\views\peti\index.php on line 133
[19-Sep-2022 11:52:42 America/Bogota] PHP Notice:  Undefined property: View::$list in C:\xampp\htdocs\PETI\views\peti\index.php on line 126
[19-Sep-2022 11:52:42 America/Bogota] PHP Notice:  Trying to access array offset on value of type null in C:\xampp\htdocs\PETI\views\peti\index.php on line 126
[19-Sep-2022 11:52:42 America/Bogota] PHP Notice:  Trying to access array offset on value of type null in C:\xampp\htdocs\PETI\views\peti\index.php on line 133
[19-Sep-2022 11:52:42 America/Bogota] PHP Notice:  Undefined property: View::$list in C:\xampp\htdocs\PETI\views\peti\index.php on line 126
[19-Sep-2022 11:52:42 America/Bogota] PHP Notice:  Trying to access array offset on value of type null in C:\xampp\htdocs\PETI\views\peti\index.php on line 126
[19-Sep-2022 11:52:42 America/Bogota] PHP Notice:  Trying to access array offset on value of type null in C:\xampp\htdocs\PETI\views\peti\index.php on line 133
[19-Sep-2022 18:52:48 Europe/Berlin] Inicio De La Aplicación Web
[19-Sep-2022 18:52:57 Europe/Berlin] Inicio De La Aplicación Web
[19-Sep-2022 18:52:57 Europe/Berlin] PHP Notice:  Undefined index: user in C:\xampp\htdocs\PETI\controllers\login.php on line 53
[19-Sep-2022 11:52:57 America/Bogota] PHP Notice:  Undefined property: View::$list in C:\xampp\htdocs\PETI\views\peti\index.php on line 126
[19-Sep-2022 11:52:57 America/Bogota] PHP Notice:  Trying to access array offset on value of type null in C:\xampp\htdocs\PETI\views\peti\index.php on line 126
[19-Sep-2022 11:52:57 America/Bogota] PHP Notice:  Trying to access array offset on value of type null in C:\xampp\htdocs\PETI\views\peti\index.php on line 133
[19-Sep-2022 11:52:57 America/Bogota] PHP Notice:  Undefined property: View::$list in C:\xampp\htdocs\PETI\views\peti\index.php on line 126
[19-Sep-2022 11:52:57 America/Bogota] PHP Notice:  Trying to access array offset on value of type null in C:\xampp\htdocs\PETI\views\peti\index.php on line 126
[19-Sep-2022 11:52:57 America/Bogota] PHP Notice:  Trying to access array offset on value of type null in C:\xampp\htdocs\PETI\views\peti\index.php on line 133
[19-Sep-2022 11:52:57 America/Bogota] PHP Notice:  Undefined property: View::$list in C:\xampp\htdocs\PETI\views\peti\index.php on line 126
[19-Sep-2022 11:52:57 America/Bogota] PHP Notice:  Trying to access array offset on value of type null in C:\xampp\htdocs\PETI\views\peti\index.php on line 126
[19-Sep-2022 11:52:57 America/Bogota] PHP Notice:  Trying to access array offset on value of type null in C:\xampp\htdocs\PETI\views\peti\index.php on line 133
[19-Sep-2022 11:52:57 America/Bogota] PHP Notice:  Undefined property: View::$list in C:\xampp\htdocs\PETI\views\peti\index.php on line 126
[19-Sep-2022 11:52:57 America/Bogota] PHP Notice:  Trying to access array offset on value of type null in C:\xampp\htdocs\PETI\views\peti\index.php on line 126
[19-Sep-2022 11:52:57 America/Bogota] PHP Notice:  Trying to access array offset on value of type null in C:\xampp\htdocs\PETI\views\peti\index.php on line 133
[19-Sep-2022 11:52:57 America/Bogota] PHP Notice:  Undefined property: View::$list in C:\xampp\htdocs\PETI\views\peti\index.php on line 126
[19-Sep-2022 11:52:57 America/Bogota] PHP Notice:  Trying to access array offset on value of type null in C:\xampp\htdocs\PETI\views\peti\index.php on line 126
[19-Sep-2022 11:52:57 America/Bogota] PHP Notice:  Trying to access array offset on value of type null in C:\xampp\htdocs\PETI\views\peti\index.php on line 133
[19-Sep-2022 11:52:57 America/Bogota] PHP Notice:  Undefined property: View::$list in C:\xampp\htdocs\PETI\views\peti\index.php on line 126
[19-Sep-2022 11:52:57 America/Bogota] PHP Notice:  Trying to access array offset on value of type null in C:\xampp\htdocs\PETI\views\peti\index.php on line 126
[19-Sep-2022 11:52:57 America/Bogota] PHP Notice:  Trying to access array offset on value of type null in C:\xampp\htdocs\PETI\views\peti\index.php on line 133
[19-Sep-2022 18:54:45 Europe/Berlin] Inicio De La Aplicación Web
[19-Sep-2022 18:54:45 Europe/Berlin] Index::construct -> inicio del index
[19-Sep-2022 18:54:51 Europe/Berlin] Inicio De La Aplicación Web
[19-Sep-2022 18:54:51 Europe/Berlin] Index::construct -> inicio del index
[19-Sep-2022 18:55:45 Europe/Berlin] Inicio De La Aplicación Web
[19-Sep-2022 18:55:45 Europe/Berlin] Index::construct -> inicio del index
[19-Sep-2022 18:55:56 Europe/Berlin] Inicio De La Aplicación Web
[19-Sep-2022 18:55:58 Europe/Berlin] Inicio De La Aplicación Web
[19-Sep-2022 18:56:14 Europe/Berlin] Inicio De La Aplicación Web
[19-Sep-2022 18:56:35 Europe/Berlin] Inicio De La Aplicación Web
[19-Sep-2022 18:56:39 Europe/Berlin] Inicio De La Aplicación Web
[19-Sep-2022 18:56:55 Europe/Berlin] Inicio De La Aplicación Web
[19-Sep-2022 18:57:30 Europe/Berlin] Inicio De La Aplicación Web
[19-Sep-2022 18:57:30 Europe/Berlin] PHP Notice:  Undefined index: idusers in C:\xampp\htdocs\PETI\controllers\register.php on line 22
[19-Sep-2022 18:57:30 Europe/Berlin] PHP Notice:  Undefined index: name in C:\xampp\htdocs\PETI\controllers\register.php on line 23
[19-Sep-2022 18:57:30 Europe/Berlin] PHP Notice:  Undefined index: surname in C:\xampp\htdocs\PETI\controllers\register.php on line 24
[19-Sep-2022 18:57:30 Europe/Berlin] PHP Notice:  Undefined index: phone in C:\xampp\htdocs\PETI\controllers\register.php on line 25
[19-Sep-2022 18:57:30 Europe/Berlin] PHP Notice:  Undefined index: email in C:\xampp\htdocs\PETI\controllers\register.php on line 26
[19-Sep-2022 18:57:30 Europe/Berlin] PHP Notice:  Undefined index: password in C:\xampp\htdocs\PETI\controllers\register.php on line 27
[19-Sep-2022 18:57:30 Europe/Berlin] PHP Notice:  Undefined index: passwordv in C:\xampp\htdocs\PETI\controllers\register.php on line 28
[19-Sep-2022 19:03:59 Europe/Berlin] Inicio De La Aplicación Web
[19-Sep-2022 19:03:59 Europe/Berlin] PHP Notice:  Undefined index: user in C:\xampp\htdocs\PETI\controllers\login.php on line 53
[19-Sep-2022 12:04:00 America/Bogota] PHP Notice:  Undefined property: View::$list in C:\xampp\htdocs\PETI\views\peti\index.php on line 126
[19-Sep-2022 12:04:00 America/Bogota] PHP Notice:  Trying to access array offset on value of type null in C:\xampp\htdocs\PETI\views\peti\index.php on line 126
[19-Sep-2022 12:04:00 America/Bogota] PHP Notice:  Trying to access array offset on value of type null in C:\xampp\htdocs\PETI\views\peti\index.php on line 133
[19-Sep-2022 12:04:00 America/Bogota] PHP Notice:  Undefined property: View::$list in C:\xampp\htdocs\PETI\views\peti\index.php on line 126
[19-Sep-2022 12:04:00 America/Bogota] PHP Notice:  Trying to access array offset on value of type null in C:\xampp\htdocs\PETI\views\peti\index.php on line 126
[19-Sep-2022 12:04:00 America/Bogota] PHP Notice:  Trying to access array offset on value of type null in C:\xampp\htdocs\PETI\views\peti\index.php on line 133
[19-Sep-2022 12:04:00 America/Bogota] PHP Notice:  Undefined property: View::$list in C:\xampp\htdocs\PETI\views\peti\index.php on line 126
[19-Sep-2022 12:04:00 America/Bogota] PHP Notice:  Trying to access array offset on value of type null in C:\xampp\htdocs\PETI\views\peti\index.php on line 126
[19-Sep-2022 12:04:00 America/Bogota] PHP Notice:  Trying to access array offset on value of type null in C:\xampp\htdocs\PETI\views\peti\index.php on line 133
[19-Sep-2022 12:04:00 America/Bogota] PHP Notice:  Undefined property: View::$list in C:\xampp\htdocs\PETI\views\peti\index.php on line 126
[19-Sep-2022 12:04:00 America/Bogota] PHP Notice:  Trying to access array offset on value of type null in C:\xampp\htdocs\PETI\views\peti\index.php on line 126
[19-Sep-2022 12:04:00 America/Bogota] PHP Notice:  Trying to access array offset on value of type null in C:\xampp\htdocs\PETI\views\peti\index.php on line 133
[19-Sep-2022 12:04:00 America/Bogota] PHP Notice:  Undefined property: View::$list in C:\xampp\htdocs\PETI\views\peti\index.php on line 126
[19-Sep-2022 12:04:00 America/Bogota] PHP Notice:  Trying to access array offset on value of type null in C:\xampp\htdocs\PETI\views\peti\index.php on line 126
[19-Sep-2022 12:04:00 America/Bogota] PHP Notice:  Trying to access array offset on value of type null in C:\xampp\htdocs\PETI\views\peti\index.php on line 133
[19-Sep-2022 12:04:00 America/Bogota] PHP Notice:  Undefined property: View::$list in C:\xampp\htdocs\PETI\views\peti\index.php on line 126
[19-Sep-2022 12:04:00 America/Bogota] PHP Notice:  Trying to access array offset on value of type null in C:\xampp\htdocs\PETI\views\peti\index.php on line 126
[19-Sep-2022 12:04:00 America/Bogota] PHP Notice:  Trying to access array offset on value of type null in C:\xampp\htdocs\PETI\views\peti\index.php on line 133
[19-Sep-2022 19:04:12 Europe/Berlin] Inicio De La Aplicación Web
[19-Sep-2022 19:04:12 Europe/Berlin] Index::construct -> inicio del index
[19-Sep-2022 19:04:25 Europe/Berlin] Inicio De La Aplicación Web
[19-Sep-2022 19:04:26 Europe/Berlin] Inicio De La Aplicación Web
[19-Sep-2022 19:05:05 Europe/Berlin] Inicio De La Aplicación Web
[19-Sep-2022 19:06:19 Europe/Berlin] Inicio De La Aplicación Web
[19-Sep-2022 19:06:20 Europe/Berlin] PHP Notice:  Undefined index: user in C:\xampp\htdocs\PETI\controllers\login.php on line 53
[19-Sep-2022 12:06:20 America/Bogota] PHP Notice:  Undefined property: View::$list in C:\xampp\htdocs\PETI\views\peti\index.php on line 126
[19-Sep-2022 12:06:20 America/Bogota] PHP Notice:  Trying to access array offset on value of type null in C:\xampp\htdocs\PETI\views\peti\index.php on line 126
[19-Sep-2022 12:06:20 America/Bogota] PHP Notice:  Trying to access array offset on value of type null in C:\xampp\htdocs\PETI\views\peti\index.php on line 133
[19-Sep-2022 12:06:20 America/Bogota] PHP Notice:  Undefined property: View::$list in C:\xampp\htdocs\PETI\views\peti\index.php on line 126
[19-Sep-2022 12:06:20 America/Bogota] PHP Notice:  Trying to access array offset on value of type null in C:\xampp\htdocs\PETI\views\peti\index.php on line 126
[19-Sep-2022 12:06:20 America/Bogota] PHP Notice:  Trying to access array offset on value of type null in C:\xampp\htdocs\PETI\views\peti\index.php on line 133
[19-Sep-2022 12:06:20 America/Bogota] PHP Notice:  Undefined property: View::$list in C:\xampp\htdocs\PETI\views\peti\index.php on line 126
[19-Sep-2022 12:06:20 America/Bogota] PHP Notice:  Trying to access array offset on value of type null in C:\xampp\htdocs\PETI\views\peti\index.php on line 126
[19-Sep-2022 12:06:20 America/Bogota] PHP Notice:  Trying to access array offset on value of type null in C:\xampp\htdocs\PETI\views\peti\index.php on line 133
[19-Sep-2022 12:06:20 America/Bogota] PHP Notice:  Undefined property: View::$list in C:\xampp\htdocs\PETI\views\peti\index.php on line 126
[19-Sep-2022 12:06:20 America/Bogota] PHP Notice:  Trying to access array offset on value of type null in C:\xampp\htdocs\PETI\views\peti\index.php on line 126
[19-Sep-2022 12:06:20 America/Bogota] PHP Notice:  Trying to access array offset on value of type null in C:\xampp\htdocs\PETI\views\peti\index.php on line 133
[19-Sep-2022 12:06:20 America/Bogota] PHP Notice:  Undefined property: View::$list in C:\xampp\htdocs\PETI\views\peti\index.php on line 126
[19-Sep-2022 12:06:20 America/Bogota] PHP Notice:  Trying to access array offset on value of type null in C:\xampp\htdocs\PETI\views\peti\index.php on line 126
[19-Sep-2022 12:06:20 America/Bogota] PHP Notice:  Trying to access array offset on value of type null in C:\xampp\htdocs\PETI\views\peti\index.php on line 133
[19-Sep-2022 12:06:20 America/Bogota] PHP Notice:  Undefined property: View::$list in C:\xampp\htdocs\PETI\views\peti\index.php on line 126
[19-Sep-2022 12:06:20 America/Bogota] PHP Notice:  Trying to access array offset on value of type null in C:\xampp\htdocs\PETI\views\peti\index.php on line 126
[19-Sep-2022 12:06:20 America/Bogota] PHP Notice:  Trying to access array offset on value of type null in C:\xampp\htdocs\PETI\views\peti\index.php on line 133
[19-Sep-2022 19:08:12 Europe/Berlin] Inicio De La Aplicación Web
[19-Sep-2022 19:08:12 Europe/Berlin] Index::construct -> inicio del index
[19-Sep-2022 19:10:21 Europe/Berlin] Inicio De La Aplicación Web
[19-Sep-2022 19:14:37 Europe/Berlin] Inicio De La Aplicación Web
[19-Sep-2022 19:14:37 Europe/Berlin] Index::construct -> inicio del index
[19-Sep-2022 19:14:37 Europe/Berlin] PHP Notice:  Undefined offset: 7 in C:\xampp\htdocs\PETI\views\peti\index.php on line 126
[19-Sep-2022 19:14:37 Europe/Berlin] PHP Notice:  Trying to access array offset on value of type null in C:\xampp\htdocs\PETI\views\peti\index.php on line 133
[19-Sep-2022 19:14:38 Europe/Berlin] Inicio De La Aplicación Web
[19-Sep-2022 19:14:47 Europe/Berlin] Inicio De La Aplicación Web
[19-Sep-2022 19:14:47 Europe/Berlin] Index::construct -> inicio del index
[19-Sep-2022 19:14:47 Europe/Berlin] PHP Notice:  Undefined offset: 7 in C:\xampp\htdocs\PETI\views\peti\index.php on line 126
[19-Sep-2022 19:14:47 Europe/Berlin] PHP Notice:  Trying to access array offset on value of type null in C:\xampp\htdocs\PETI\views\peti\index.php on line 133
[19-Sep-2022 19:14:48 Europe/Berlin] Inicio De La Aplicación Web
[19-Sep-2022 19:15:00 Europe/Berlin] Inicio De La Aplicación Web
[19-Sep-2022 19:15:00 Europe/Berlin] Index::construct -> inicio del index
[19-Sep-2022 19:15:01 Europe/Berlin] Inicio De La Aplicación Web
[19-Sep-2022 19:15:01 Europe/Berlin] Inicio De La Aplicación Web
[19-Sep-2022 19:15:01 Europe/Berlin] Index::construct -> inicio del index
[19-Sep-2022 19:15:01 Europe/Berlin] PHP Fatal error:  Uncaught Error: Call to undefined method Index::public() in C:\xampp\htdocs\PETI\libs\app.php:38
Stack trace:
#0 C:\xampp\htdocs\PETI\index.php(27): App->__construct()
#1 {main}
  thrown in C:\xampp\htdocs\PETI\libs\app.php on line 38
[19-Sep-2022 19:15:01 Europe/Berlin] Index::construct -> inicio del index
[19-Sep-2022 19:15:01 Europe/Berlin] PHP Fatal error:  Uncaught Error: Call to undefined method Index::public() in C:\xampp\htdocs\PETI\libs\app.php:38
Stack trace:
#0 C:\xampp\htdocs\PETI\index.php(27): App->__construct()
#1 {main}
  thrown in C:\xampp\htdocs\PETI\libs\app.php on line 38
[19-Sep-2022 19:15:01 Europe/Berlin] Inicio De La Aplicación Web
[19-Sep-2022 19:15:02 Europe/Berlin] Inicio De La Aplicación Web
[19-Sep-2022 19:15:02 Europe/Berlin] Index::construct -> inicio del index
[19-Sep-2022 19:15:02 Europe/Berlin] PHP Fatal error:  Uncaught Error: Call to undefined method Index::public() in C:\xampp\htdocs\PETI\libs\app.php:38
Stack trace:
#0 C:\xampp\htdocs\PETI\index.php(27): App->__construct()
#1 {main}
  thrown in C:\xampp\htdocs\PETI\libs\app.php on line 38
[19-Sep-2022 19:15:04 Europe/Berlin] Inicio De La Aplicación Web
[19-Sep-2022 19:15:04 Europe/Berlin] Index::construct -> inicio del index
[19-Sep-2022 19:15:04 Europe/Berlin] PHP Notice:  Undefined offset: 6 in C:\xampp\htdocs\PETI\views\peti\index.php on line 126
[19-Sep-2022 19:15:04 Europe/Berlin] PHP Notice:  Trying to access array offset on value of type null in C:\xampp\htdocs\PETI\views\peti\index.php on line 133
[19-Sep-2022 19:15:04 Europe/Berlin] PHP Notice:  Undefined offset: 7 in C:\xampp\htdocs\PETI\views\peti\index.php on line 126
[19-Sep-2022 19:15:04 Europe/Berlin] PHP Notice:  Trying to access array offset on value of type null in C:\xampp\htdocs\PETI\views\peti\index.php on line 133
[19-Sep-2022 19:15:05 Europe/Berlin] Inicio De La Aplicación Web
[19-Sep-2022 19:15:14 Europe/Berlin] Inicio De La Aplicación Web
[19-Sep-2022 19:15:14 Europe/Berlin] Index::construct -> inicio del index
[19-Sep-2022 19:15:14 Europe/Berlin] PHP Notice:  Undefined offset: 6 in C:\xampp\htdocs\PETI\views\peti\index.php on line 126
[19-Sep-2022 19:15:14 Europe/Berlin] PHP Notice:  Trying to access array offset on value of type null in C:\xampp\htdocs\PETI\views\peti\index.php on line 133
[19-Sep-2022 19:15:14 Europe/Berlin] PHP Notice:  Undefined offset: 7 in C:\xampp\htdocs\PETI\views\peti\index.php on line 126
[19-Sep-2022 19:15:14 Europe/Berlin] PHP Notice:  Trying to access array offset on value of type null in C:\xampp\htdocs\PETI\views\peti\index.php on line 133
[19-Sep-2022 19:15:14 Europe/Berlin] Inicio De La Aplicación Web
[19-Sep-2022 19:17:14 Europe/Berlin] Inicio De La Aplicación Web
[19-Sep-2022 19:17:14 Europe/Berlin] Index::construct -> inicio del index
[19-Sep-2022 19:17:15 Europe/Berlin] Inicio De La Aplicación Web
[19-Sep-2022 19:17:55 Europe/Berlin] Inicio De La Aplicación Web
[19-Sep-2022 19:17:55 Europe/Berlin] Index::construct -> inicio del index
[19-Sep-2022 19:17:55 Europe/Berlin] PHP Notice:  Undefined offset: 6 in C:\xampp\htdocs\PETI\views\peti\index.php on line 126
[19-Sep-2022 19:17:55 Europe/Berlin] PHP Notice:  Trying to access array offset on value of type null in C:\xampp\htdocs\PETI\views\peti\index.php on line 133
[19-Sep-2022 19:17:55 Europe/Berlin] PHP Notice:  Undefined offset: 7 in C:\xampp\htdocs\PETI\views\peti\index.php on line 126
[19-Sep-2022 19:17:55 Europe/Berlin] PHP Notice:  Trying to access array offset on value of type null in C:\xampp\htdocs\PETI\views\peti\index.php on line 133
[19-Sep-2022 19:17:56 Europe/Berlin] Inicio De La Aplicación Web
[20-Sep-2022 15:50:57 Europe/Berlin] Inicio De La Aplicación Web
[20-Sep-2022 15:50:57 Europe/Berlin] Index::construct -> inicio del index
[20-Sep-2022 15:50:59 Europe/Berlin] PHP Notice:  Undefined offset: 6 in C:\xampp\htdocs\PETI\views\peti\index.php on line 126
[20-Sep-2022 15:50:59 Europe/Berlin] PHP Notice:  Trying to access array offset on value of type null in C:\xampp\htdocs\PETI\views\peti\index.php on line 133
[20-Sep-2022 15:50:59 Europe/Berlin] PHP Notice:  Undefined offset: 7 in C:\xampp\htdocs\PETI\views\peti\index.php on line 126
[20-Sep-2022 15:50:59 Europe/Berlin] PHP Notice:  Trying to access array offset on value of type null in C:\xampp\htdocs\PETI\views\peti\index.php on line 133
